mars/build/outputs/logs/manifest-merger-mars-debug-report.txt
-- Merging decision tree log ---
manifest
ADDED from src\main\AndroidManifest.xml:2:1-175:12
	xmlns:android
		ADDED from src\main\AndroidManifest.xml:2:11-69
	package
		ADDED from src\main\AndroidManifest.xml:3:5-28
		INJECTED from src\main\AndroidManifest.xml
		INJECTED from src\main\AndroidManifest.xml
	android:versionName
		INJECTED from src\main\AndroidManifest.xml
		INJECTED from src\main\AndroidManifest.xml
	android:versionCode
		INJECTED from src\main\AndroidManifest.xml
		INJECTED from src\main\AndroidManifest.xml
uses-feature#android.hardware.wifi
ADDED from src\main\AndroidManifest.xml:5:5-58
	android:name
		ADDED from src\main\AndroidManifest.xml:5:19-55
uses-feature#android.hardware.telephony
ADDED from src\main\AndroidManifest.xml:6:5-8:36
	android:required
		ADDED from src\main\AndroidManifest.xml:8:9-33
	android:name
		ADDED from src\main\AndroidManifest.xml:7:9-50
permission#${applicationId}.permission.C2D_MESSAGE
ADDED from src\main\AndroidManifest.xml:10:5-12:47
	android:protectionLevel
		ADDED from src\main\AndroidManifest.xml:12:9-44
	android:name
		ADDED from src\main\AndroidManifest.xml:11:9-63
		INJECTED from src\main\AndroidManifest.xml
uses-permission#${applicationId}.permission.C2D_MESSAGE
ADDED from src\main\AndroidManifest.xml:14:5-79
	android:name
		ADDED from src\main\AndroidManifest.xml:14:22-76
		INJECTED from src\main\AndroidManifest.xml
uses-permission#android.permission.INTERNET
ADDED from src\main\AndroidManifest.xml:16:5-67
MERGED from [com.google.android.gms:play-services-ads:7.5.0] AndroidManifest.xml:20:5-66
MERGED from [com.google.android.gms:play-services-analytics:7.5.0] AndroidManifest.xml:21:5-67
MERGED from [com.google.android.gms:play-services-analytics:7.5.0] AndroidManifest.xml:21:5-67
MERGED from [com.google.android.gms:play-services-appinvite:7.5.0] AndroidManifest.xml:19:5-67
MERGED from [com.google.android.gms:play-services-maps:7.5.0] AndroidManifest.xml:21:5-66
MERGED from [com.google.android.gms:play-services-maps:7.5.0] AndroidManifest.xml:21:5-66
MERGED from [com.google.android.gms:play-services-maps:7.5.0] AndroidManifest.xml:21:5-66
MERGED from [com.google.android.gms:play-services-wallet:7.5.0] AndroidManifest.xml:20:5-66
MERGED from [com.google.android.gms:play-services-maps:7.5.0] AndroidManifest.xml:21:5-66
	android:name
		ADDED from src\main\AndroidManifest.xml:16:22-64
uses-permission#android.permission.READ_SMS
ADDED from src\main\AndroidManifest.xml:17:5-67
	android:name
		ADDED from src\main\AndroidManifest.xml:17:22-64
uses-permission#android.permission.RECEIVE_SMS
ADDED from src\main\AndroidManifest.xml:18:5-70
	android:name
		ADDED from src\main\AndroidManifest.xml:18:22-67
uses-permission#android.permission.WAKE_LOCK
ADDED from src\main\AndroidManifest.xml:19:5-68
	android:name
		ADDED from src\main\AndroidManifest.xml:19:22-65
uses-permission#android.permission.CALL_PHONE
ADDED from src\main\AndroidManifest.xml:20:5-69
	android:name
		ADDED from src\main\AndroidManifest.xml:20:22-66
uses-permission#android.permission.GET_ACCOUNTS
ADDED from src\main\AndroidManifest.xml:21:5-71
MERGED from [com.google.android.gms:play-services-wallet:7.5.0] AndroidManifest.xml:21:5-70
	android:name
		ADDED from src\main\AndroidManifest.xml:21:22-68
uses-permission#android.permission.READ_PHONE_STATE
ADDED from src\main\AndroidManifest.xml:22:5-75
	android:name
		ADDED from src\main\AndroidManifest.xml:22:22-72
uses-permission#android.permission.ACCESS_WIFI_STATE
ADDED from src\main\AndroidManifest.xml:23:5-76
	android:name
		ADDED from src\main\AndroidManifest.xml:23:22-73
uses-permission#android.permission.ACCESS_NETWORK_STATE
ADDED from src\main\AndroidManifest.xml:24:5-79
MERGED from [com.google.android.gms:play-services-ads:7.5.0] AndroidManifest.xml:21:5-78
MERGED from [com.google.android.gms:play-services-analytics:7.5.0] AndroidManifest.xml:22:5-79
MERGED from [com.google.android.gms:play-services-analytics:7.5.0] AndroidManifest.xml:22:5-79
MERGED from [com.google.android.gms:play-services-maps:7.5.0] AndroidManifest.xml:20:5-78
MERGED from [com.google.android.gms:play-services-maps:7.5.0] AndroidManifest.xml:20:5-78
MERGED from [com.google.android.gms:play-services-maps:7.5.0] AndroidManifest.xml:20:5-78
MERGED from [com.google.android.gms:play-services-nearby:7.5.0] AndroidManifest.xml:19:5-79
MERGED from [com.google.android.gms:play-services-maps:7.5.0] AndroidManifest.xml:20:5-78
	android:name
		ADDED from src\main\AndroidManifest.xml:24:22-76
uses-permission#android.permission.WRITE_EXTERNAL_STORAGE
ADDED from src\main\AndroidManifest.xml:25:5-81
MERGED from [com.google.android.gms:play-services-maps:7.5.0] AndroidManifest.xml:22:5-80
MERGED from [com.google.android.gms:play-services-maps:7.5.0] AndroidManifest.xml:22:5-80
MERGED from [com.google.android.gms:play-services-maps:7.5.0] AndroidManifest.xml:22:5-80
MERGED from [com.google.android.gms:play-services-maps:7.5.0] AndroidManifest.xml:22:5-80
	android:name
		ADDED from src\main\AndroidManifest.xml:25:22-78
uses-permission#com.google.android.c2dm.permission.RECEIVE
ADDED from src\main\AndroidManifest.xml:26:5-82
	android:name
		ADDED from src\main\AndroidManifest.xml:26:22-79
uses-permission#android.permission.ACCESS_COARSE_LOCATION
ADDED from src\main\AndroidManifest.xml:32:5-81
MERGED from [com.google.android.gms:play-services-maps:7.5.0] AndroidManifest.xml:23:5-80
MERGED from [com.google.android.gms:play-services-maps:7.5.0] AndroidManifest.xml:23:5-80
MERGED from [com.google.android.gms:play-services-maps:7.5.0] AndroidManifest.xml:23:5-80
MERGED from [com.google.android.gms:play-services-maps:7.5.0] AndroidManifest.xml:23:5-80
	android:name
		ADDED from src\main\AndroidManifest.xml:32:22-78
uses-permission#android.permission.ACCESS_FINE_LOCATION
ADDED from src\main\AndroidManifest.xml:33:5-79
	android:name
		ADDED from src\main\AndroidManifest.xml:33:22-76
supports-screens
ADDED from src\main\AndroidManifest.xml:35:5-38:40
	android:largeScreens
		ADDED from src\main\AndroidManifest.xml:37:9-36
	android:anyDensity
		ADDED from src\main\AndroidManifest.xml:36:9-34
	android:xlargeScreens
		ADDED from src\main\AndroidManifest.xml:38:9-37
application
ADDED from src\main\AndroidManifest.xml:40:5-173:19
MERGED from [com.android.support:support-v4:22.2.0] AndroidManifest.xml:22:5-20
MERGED from [com.google.android.gms:play-services:7.5.0] AndroidManifest.xml:19:5-20
MERGED from [com.google.android.gms:play-services-ads:7.5.0] AndroidManifest.xml:24:5-32:19
MERGED from [com.google.android.gms:play-services-base:7.5.0] AndroidManifest.xml:20:5-24:19
MERGED from [com.android.support:support-v4:22.2.0] AndroidManifest.xml:22:5-20
MERGED from [com.google.android.gms:play-services-analytics:7.5.0] AndroidManifest.xml:24:5-20
MERGED from [com.google.android.gms:play-services-base:7.5.0] AndroidManifest.xml:20:5-24:19
MERGED from [com.android.support:support-v4:22.2.0] AndroidManifest.xml:22:5-20
MERGED from [com.google.android.gms:play-services-analytics:7.5.0] AndroidManifest.xml:24:5-20
MERGED from [com.google.android.gms:play-services-base:7.5.0] AndroidManifest.xml:20:5-24:19
MERGED from [com.android.support:support-v4:22.2.0] AndroidManifest.xml:22:5-20
MERGED from [com.google.android.gms:play-services-appindexing:7.5.0] AndroidManifest.xml:19:5-20
MERGED from [com.google.android.gms:play-services-base:7.5.0] AndroidManifest.xml:20:5-24:19
MERGED from [com.android.support:support-v4:22.2.0] AndroidManifest.xml:22:5-20
MERGED from [com.google.android.gms:play-services-appinvite:7.5.0] AndroidManifest.xml:20:5-20
MERGED from [com.google.android.gms:play-services-base:7.5.0] AndroidManifest.xml:20:5-24:19
MERGED from [com.android.support:support-v4:22.2.0] AndroidManifest.xml:22:5-20
MERGED from [com.google.android.gms:play-services-appstate:7.5.0] AndroidManifest.xml:19:5-20
MERGED from [com.google.android.gms:play-services-base:7.5.0] AndroidManifest.xml:20:5-24:19
MERGED from [com.android.support:support-v4:22.2.0] AndroidManifest.xml:22:5-20
MERGED from [com.google.android.gms:play-services-base:7.5.0] AndroidManifest.xml:20:5-24:19
MERGED from [com.android.support:support-v4:22.2.0] AndroidManifest.xml:22:5-20
MERGED from [com.google.android.gms:play-services-cast:7.5.0] AndroidManifest.xml:19:5-20
MERGED from [com.google.android.gms:play-services-base:7.5.0] AndroidManifest.xml:20:5-24:19
MERGED from [com.android.support:support-v4:22.2.0] AndroidManifest.xml:22:5-20
MERGED from [com.android.support:mediarouter-v7:22.0.0] AndroidManifest.xml:22:5-20
MERGED from [com.android.support:appcompat-v7:22.0.0] AndroidManifest.xml:22:5-20
MERGED from [com.android.support:support-v4:22.2.0] AndroidManifest.xml:22:5-20
MERGED from [com.google.android.gms:play-services-drive:7.5.0] AndroidManifest.xml:19:5-20
MERGED from [com.google.android.gms:play-services-base:7.5.0] AndroidManifest.xml:20:5-24:19
MERGED from [com.android.support:support-v4:22.2.0] AndroidManifest.xml:22:5-20
MERGED from [com.google.android.gms:play-services-fitness:7.5.0] AndroidManifest.xml:19:5-20
MERGED from [com.google.android.gms:play-services-base:7.5.0] AndroidManifest.xml:20:5-24:19
MERGED from [com.android.support:support-v4:22.2.0] AndroidManifest.xml:22:5-20
MERGED from [com.google.android.gms:play-services-location:7.5.0] AndroidManifest.xml:19:5-20
MERGED from [com.google.android.gms:play-services-base:7.5.0] AndroidManifest.xml:20:5-24:19
MERGED from [com.android.support:support-v4:22.2.0] AndroidManifest.xml:22:5-20
MERGED from [com.google.android.gms:play-services-maps:7.5.0] AndroidManifest.xml:29:5-20
MERGED from [com.google.android.gms:play-services-base:7.5.0] AndroidManifest.xml:20:5-24:19
MERGED from [com.android.support:support-v4:22.2.0] AndroidManifest.xml:22:5-20
MERGED from [com.google.android.gms:play-services-games:7.5.0] AndroidManifest.xml:19:5-20
MERGED from [com.google.android.gms:play-services-base:7.5.0] AndroidManifest.xml:20:5-24:19
MERGED from [com.android.support:support-v4:22.2.0] AndroidManifest.xml:22:5-20
MERGED from [com.google.android.gms:play-services-drive:7.5.0] AndroidManifest.xml:19:5-20
MERGED from [com.google.android.gms:play-services-base:7.5.0] AndroidManifest.xml:20:5-24:19
MERGED from [com.android.support:support-v4:22.2.0] AndroidManifest.xml:22:5-20
MERGED from [com.google.android.gms:play-services-gcm:7.5.0] AndroidManifest.xml:19:5-20
MERGED from [com.google.android.gms:play-services-base:7.5.0] AndroidManifest.xml:20:5-24:19
MERGED from [com.android.support:support-v4:22.2.0] AndroidManifest.xml:22:5-20
MERGED from [com.google.android.gms:play-services-identity:7.5.0] AndroidManifest.xml:19:5-20
MERGED from [com.google.android.gms:play-services-base:7.5.0] AndroidManifest.xml:20:5-24:19
MERGED from [com.android.support:support-v4:22.2.0] AndroidManifest.xml:22:5-20
MERGED from [com.google.android.gms:play-services-location:7.5.0] AndroidManifest.xml:19:5-20
MERGED from [com.google.android.gms:play-services-base:7.5.0] AndroidManifest.xml:20:5-24:19
MERGED from [com.android.support:support-v4:22.2.0] AndroidManifest.xml:22:5-20
MERGED from [com.google.android.gms:play-services-maps:7.5.0] AndroidManifest.xml:29:5-20
MERGED from [com.google.android.gms:play-services-base:7.5.0] AndroidManifest.xml:20:5-24:19
MERGED from [com.android.support:support-v4:22.2.0] AndroidManifest.xml:22:5-20
MERGED from [com.google.android.gms:play-services-maps:7.5.0] AndroidManifest.xml:29:5-20
MERGED from [com.google.android.gms:play-services-base:7.5.0] AndroidManifest.xml:20:5-24:19
MERGED from [com.android.support:support-v4:22.2.0] AndroidManifest.xml:22:5-20
MERGED from [com.google.android.gms:play-services-nearby:7.5.0] AndroidManifest.xml:20:5-20
MERGED from [com.google.android.gms:play-services-base:7.5.0] AndroidManifest.xml:20:5-24:19
MERGED from [com.android.support:support-v4:22.2.0] AndroidManifest.xml:22:5-20
MERGED from [com.google.android.gms:play-services-panorama:7.5.0] AndroidManifest.xml:19:5-20
MERGED from [com.google.android.gms:play-services-base:7.5.0] AndroidManifest.xml:20:5-24:19
MERGED from [com.android.support:support-v4:22.2.0] AndroidManifest.xml:22:5-20
MERGED from [com.google.android.gms:play-services-plus:7.5.0] AndroidManifest.xml:19:5-20
MERGED from [com.google.android.gms:play-services-base:7.5.0] AndroidManifest.xml:20:5-24:19
MERGED from [com.android.support:support-v4:22.2.0] AndroidManifest.xml:22:5-20
MERGED from [com.google.android.gms:play-services-safetynet:7.5.0] AndroidManifest.xml:19:5-20
MERGED from [com.google.android.gms:play-services-base:7.5.0] AndroidManifest.xml:20:5-24:19
MERGED from [com.android.support:support-v4:22.2.0] AndroidManifest.xml:22:5-20
MERGED from [com.google.android.gms:play-services-wallet:7.5.0] AndroidManifest.xml:24:5-35:19
MERGED from [com.google.android.gms:play-services-base:7.5.0] AndroidManifest.xml:20:5-24:19
MERGED from [com.android.support:support-v4:22.2.0] AndroidManifest.xml:22:5-20
MERGED from [com.google.android.gms:play-services-identity:7.5.0] AndroidManifest.xml:19:5-20
MERGED from [com.google.android.gms:play-services-base:7.5.0] AndroidManifest.xml:20:5-24:19
MERGED from [com.android.support:support-v4:22.2.0] AndroidManifest.xml:22:5-20
MERGED from [com.google.android.gms:play-services-maps:7.5.0] AndroidManifest.xml:29:5-20
MERGED from [com.google.android.gms:play-services-base:7.5.0] AndroidManifest.xml:20:5-24:19
MERGED from [com.android.support:support-v4:22.2.0] AndroidManifest.xml:22:5-20
MERGED from [com.google.android.gms:play-services-wearable:7.5.0] AndroidManifest.xml:19:5-20
MERGED from [com.google.android.gms:play-services-base:7.5.0] AndroidManifest.xml:20:5-24:19
MERGED from [com.android.support:support-v4:22.2.0] AndroidManifest.xml:22:5-20
	android:label
		ADDED from src\main\AndroidManifest.xml:45:9-44
		INJECTED from src\main\AndroidManifest.xml
	android:allowBackup
		ADDED from src\main\AndroidManifest.xml:42:9-35
	android:icon
		ADDED from src\main\AndroidManifest.xml:44:9-47
	android:theme
		ADDED from src\main\AndroidManifest.xml:46:9-39
	android:anyDensity
		ADDED from src\main\AndroidManifest.xml:43:9-34
	android:name
		ADDED from src\main\AndroidManifest.xml:41:9-59
uses-library#com.google.android.maps
ADDED from src\main\AndroidManifest.xml:48:9-64
	android:name
		ADDED from src\main\AndroidManifest.xml:48:23-61
meta-data#com.google.android.gms.version
ADDED from src\main\AndroidManifest.xml:50:9-52:69
MERGED from [com.google.android.gms:play-services-base:7.5.0] AndroidManifest.xml:21:9-23:69
MERGED from [com.google.android.gms:play-services-base:7.5.0] AndroidManifest.xml:21:9-23:69
MERGED from [com.google.android.gms:play-services-base:7.5.0] AndroidManifest.xml:21:9-23:69
MERGED from [com.google.android.gms:play-services-base:7.5.0] AndroidManifest.xml:21:9-23:69
MERGED from [com.google.android.gms:play-services-base:7.5.0] AndroidManifest.xml:21:9-23:69
MERGED from [com.google.android.gms:play-services-base:7.5.0] AndroidManifest.xml:21:9-23:69
MERGED from [com.google.android.gms:play-services-base:7.5.0] AndroidManifest.xml:21:9-23:69
MERGED from [com.google.android.gms:play-services-base:7.5.0] AndroidManifest.xml:21:9-23:69
MERGED from [com.google.android.gms:play-services-base:7.5.0] AndroidManifest.xml:21:9-23:69
MERGED from [com.google.android.gms:play-services-base:7.5.0] AndroidManifest.xml:21:9-23:69
MERGED from [com.google.android.gms:play-services-base:7.5.0] AndroidManifest.xml:21:9-23:69
MERGED from [com.google.android.gms:play-services-base:7.5.0] AndroidManifest.xml:21:9-23:69
MERGED from [com.google.android.gms:play-services-base:7.5.0] AndroidManifest.xml:21:9-23:69
MERGED from [com.google.android.gms:play-services-base:7.5.0] AndroidManifest.xml:21:9-23:69
MERGED from [com.google.android.gms:play-services-base:7.5.0] AndroidManifest.xml:21:9-23:69
MERGED from [com.google.android.gms:play-services-base:7.5.0] AndroidManifest.xml:21:9-23:69
MERGED from [com.google.android.gms:play-services-base:7.5.0] AndroidManifest.xml:21:9-23:69
MERGED from [com.google.android.gms:play-services-base:7.5.0] AndroidManifest.xml:21:9-23:69
MERGED from [com.google.android.gms:play-services-base:7.5.0] AndroidManifest.xml:21:9-23:69
MERGED from [com.google.android.gms:play-services-base:7.5.0] AndroidManifest.xml:21:9-23:69
MERGED from [com.google.android.gms:play-services-base:7.5.0] AndroidManifest.xml:21:9-23:69
MERGED from [com.google.android.gms:play-services-base:7.5.0] AndroidManifest.xml:21:9-23:69
MERGED from [com.google.android.gms:play-services-base:7.5.0] AndroidManifest.xml:21:9-23:69
MERGED from [com.google.android.gms:play-services-base:7.5.0] AndroidManifest.xml:21:9-23:69
MERGED from [com.google.android.gms:play-services-base:7.5.0] AndroidManifest.xml:21:9-23:69
MERGED from [com.google.android.gms:play-services-base:7.5.0] AndroidManifest.xml:21:9-23:69
MERGED from [com.google.android.gms:play-services-base:7.5.0] AndroidManifest.xml:21:9-23:69
	android:name
		ADDED from src\main\AndroidManifest.xml:51:13-58
	android:value
		ADDED from src\main\AndroidManifest.xml:52:13-66
meta-data#com.google.android.maps.v2.API_KEY
ADDED from src\main\AndroidManifest.xml:53:9-55:59
	android:name
		ADDED from src\main\AndroidManifest.xml:54:13-62
	android:value
		ADDED from src\main\AndroidManifest.xml:55:13-56
receiver#itc.booking.mars.SystemBroadcastReceiver
ADDED from src\main\AndroidManifest.xml:57:9-75:20
	android:exported
		ADDED from src\main\AndroidManifest.xml:60:13-36
	android:enabled
		ADDED from src\main\AndroidManifest.xml:59:13-35
	android:name
		ADDED from src\main\AndroidManifest.xml:58:13-68
intent-filter#android.intent.category.DEFAULT+android.provider.Telephony.SMS_RECEIVED
ADDED from src\main\AndroidManifest.xml:61:13-64:29
	android:priority
		ADDED from src\main\AndroidManifest.xml:61:28-57
action#android.provider.Telephony.SMS_RECEIVED
ADDED from src\main\AndroidManifest.xml:62:17-82
	android:name
		ADDED from src\main\AndroidManifest.xml:62:25-79
category#android.intent.category.DEFAULT
ADDED from src\main\AndroidManifest.xml:63:17-76
	android:name
		ADDED from src\main\AndroidManifest.xml:63:27-73
intent-filter#android.intent.category.DEFAULT+android.provider.Telephony.GSM_SMS_RECEIVED
ADDED from src\main\AndroidManifest.xml:65:13-68:29
	android:priority
		ADDED from src\main\AndroidManifest.xml:65:28-57
action#android.provider.Telephony.GSM_SMS_RECEIVED
ADDED from src\main\AndroidManifest.xml:66:17-86
	android:name
		ADDED from src\main\AndroidManifest.xml:66:25-83
intent-filter#android.net.conn.CONNECTIVITY_CHANGE
ADDED from src\main\AndroidManifest.xml:69:13-71:29
action#android.net.conn.CONNECTIVITY_CHANGE
ADDED from src\main\AndroidManifest.xml:70:17-79
	android:name
		ADDED from src\main\AndroidManifest.xml:70:25-76
intent-filter#com.android.vending.INSTALL_REFERRER
ADDED from src\main\AndroidManifest.xml:72:13-74:29
action#com.android.vending.INSTALL_REFERRER
ADDED from src\main\AndroidManifest.xml:73:17-79
	android:name
		ADDED from src\main\AndroidManifest.xml:73:25-76
receiver#com.google.android.gms.gcm.GcmReceiver
ADDED from src\main\AndroidManifest.xml:77:9-86:20
	android:exported
		ADDED from src\main\AndroidManifest.xml:79:13-36
	android:permission
		ADDED from src\main\AndroidManifest.xml:80:13-73
	android:name
		ADDED from src\main\AndroidManifest.xml:78:13-66
intent-filter#com.google.android.c2dm.intent.RECEIVE+itc.booking.mars
ADDED from src\main\AndroidManifest.xml:81:13-85:29
action#com.google.android.c2dm.intent.RECEIVE
ADDED from src\main\AndroidManifest.xml:83:17-81
	android:name
		ADDED from src\main\AndroidManifest.xml:83:25-78
category#itc.booking.mars
ADDED from src\main\AndroidManifest.xml:84:17-61
	android:name
		ADDED from src\main\AndroidManifest.xml:84:27-58
service#itc.booking.mars.GcmListenService
ADDED from src\main\AndroidManifest.xml:88:9-94:19
	android:exported
		ADDED from src\main\AndroidManifest.xml:90:13-37
	android:name
		ADDED from src\main\AndroidManifest.xml:89:13-61
intent-filter#com.google.android.c2dm.intent.RECEIVE
ADDED from src\main\AndroidManifest.xml:91:13-93:29
service#com.google.android.gms.analytics.AnalyticsService
ADDED from src\main\AndroidManifest.xml:96:9-85
	android:name
		ADDED from src\main\AndroidManifest.xml:96:18-82
service#itc.booking.mars.MyInstanceIDService
ADDED from src\main\AndroidManifest.xml:98:9-102:19
	android:exported
		ADDED from src\main\AndroidManifest.xml:98:70-94
	android:name
		ADDED from src\main\AndroidManifest.xml:98:18-69
intent-filter#com.google.android.gms.iid.InstanceID
ADDED from src\main\AndroidManifest.xml:99:13-101:29
action#com.google.android.gms.iid.InstanceID
ADDED from src\main\AndroidManifest.xml:100:17-79
	android:name
		ADDED from src\main\AndroidManifest.xml:100:25-77
activity#itc.booking.mars.ActivitySplash
ADDED from src\main\AndroidManifest.xml:104:9-113:20
	android:screenOrientation
		ADDED from src\main\AndroidManifest.xml:107:13-49
	android:configChanges
		ADDED from src\main\AndroidManifest.xml:106:13-48
	android:name
		ADDED from src\main\AndroidManifest.xml:105:13-59
intent-filter#android.intent.action.MAIN+android.intent.category.LAUNCHER
ADDED from src\main\AndroidManifest.xml:108:13-112:29
action#android.intent.action.MAIN
ADDED from src\main\AndroidManifest.xml:109:17-69
	android:name
		ADDED from src\main\AndroidManifest.xml:109:25-66
category#android.intent.category.LAUNCHER
ADDED from src\main\AndroidManifest.xml:111:17-77
	android:name
		ADDED from src\main\AndroidManifest.xml:111:27-74
activity#itc.booking.mars.ActivityMain
ADDED from src\main\AndroidManifest.xml:114:9-118:61
	android:screenOrientation
		ADDED from src\main\AndroidManifest.xml:118:13-49
	android:configChanges
		ADDED from src\main\AndroidManifest.xml:117:13-48
	android:clearTaskOnLaunch
		ADDED from src\main\AndroidManifest.xml:116:13-45
	android:name
		ADDED from src\main\AndroidManifest.xml:115:13-57
activity#itc.booking.mars.ActivityLogin
ADDED from src\main\AndroidManifest.xml:119:9-123:61
	android:screenOrientation
		ADDED from src\main\AndroidManifest.xml:123:13-49
	android:configChanges
		ADDED from src\main\AndroidManifest.xml:122:13-48
	android:allowTaskReparenting
		ADDED from src\main\AndroidManifest.xml:121:13-48
	android:name
		ADDED from src\main\AndroidManifest.xml:120:13-58
activity#itc.booking.mars.ActivityVerifyNumber
ADDED from src\main\AndroidManifest.xml:124:9-127:61
	android:screenOrientation
		ADDED from src\main\AndroidManifest.xml:127:13-49
	android:configChanges
		ADDED from src\main\AndroidManifest.xml:126:13-48
	android:name
		ADDED from src\main\AndroidManifest.xml:125:13-65
activity#itc.booking.mars.ActivityTrack
ADDED from src\main\AndroidManifest.xml:128:9-131:61
	android:screenOrientation
		ADDED from src\main\AndroidManifest.xml:131:13-49
	android:configChanges
		ADDED from src\main\AndroidManifest.xml:130:13-48
	android:name
		ADDED from src\main\AndroidManifest.xml:129:13-58
activity#itc.booking.mars.ActivityProfile
ADDED from src\main\AndroidManifest.xml:132:9-135:61
	android:screenOrientation
		ADDED from src\main\AndroidManifest.xml:135:13-49
	android:configChanges
		ADDED from src\main\AndroidManifest.xml:134:13-48
	android:name
		ADDED from src\main\AndroidManifest.xml:133:13-60
activity#itc.booking.mars.ActivitySearch
ADDED from src\main\AndroidManifest.xml:136:9-140:66
	android:windowSoftInputMode
		ADDED from src\main\AndroidManifest.xml:140:13-54
	android:screenOrientation
		ADDED from src\main\AndroidManifest.xml:139:13-49
	android:configChanges
		ADDED from src\main\AndroidManifest.xml:138:13-48
	android:name
		ADDED from src\main\AndroidManifest.xml:137:13-59
activity#itc.booking.mars.ActivityFeedback
ADDED from src\main\AndroidManifest.xml:141:9-144:61
	android:screenOrientation
		ADDED from src\main\AndroidManifest.xml:144:13-49
	android:configChanges
		ADDED from src\main\AndroidManifest.xml:143:13-48
	android:name
		ADDED from src\main\AndroidManifest.xml:142:13-61
activity#itc.booking.mars.ActivityReferedby
ADDED from src\main\AndroidManifest.xml:145:9-148:61
	android:screenOrientation
		ADDED from src\main\AndroidManifest.xml:148:13-49
	android:configChanges
		ADDED from src\main\AndroidManifest.xml:147:13-48
	android:name
		ADDED from src\main\AndroidManifest.xml:146:13-62
activity#itc.booking.mars.ActivityWeb
ADDED from src\main\AndroidManifest.xml:149:9-152:61
	android:screenOrientation
		ADDED from src\main\AndroidManifest.xml:152:13-49
	android:configChanges
		ADDED from src\main\AndroidManifest.xml:151:13-48
	android:name
		ADDED from src\main\AndroidManifest.xml:150:13-56
activity#itc.booking.mars.ActivityPaymentOptions
ADDED from src\main\AndroidManifest.xml:153:9-156:61
	android:screenOrientation
		ADDED from src\main\AndroidManifest.xml:156:13-49
	android:configChanges
		ADDED from src\main\AndroidManifest.xml:155:13-48
	android:name
		ADDED from src\main\AndroidManifest.xml:154:13-67
activity#itc.booking.mars.ActivitySignature
ADDED from src\main\AndroidManifest.xml:157:9-160:62
	android:screenOrientation
		ADDED from src\main\AndroidManifest.xml:160:13-50
	android:configChanges
		ADDED from src\main\AndroidManifest.xml:159:13-48
	android:name
		ADDED from src\main\AndroidManifest.xml:158:13-62
activity#itc.booking.mars.ActivityPromotions
ADDED from src\main\AndroidManifest.xml:161:9-164:61
	android:screenOrientation
		ADDED from src\main\AndroidManifest.xml:164:13-49
	android:configChanges
		ADDED from src\main\AndroidManifest.xml:163:13-48
	android:name
		ADDED from src\main\AndroidManifest.xml:162:13-63
activity#itc.booking.mars.ActivityMyAddresses
ADDED from src\main\AndroidManifest.xml:165:9-168:61
	android:screenOrientation
		ADDED from src\main\AndroidManifest.xml:168:13-49
	android:configChanges
		ADDED from src\main\AndroidManifest.xml:167:13-48
	android:name
		ADDED from src\main\AndroidManifest.xml:166:13-64
activity#itc.booking.mars.ActivityPPV
ADDED from src\main\AndroidManifest.xml:169:9-172:61
	android:screenOrientation
		ADDED from src\main\AndroidManifest.xml:172:13-49
	android:configChanges
		ADDED from src\main\AndroidManifest.xml:171:13-48
	android:name
		ADDED from src\main\AndroidManifest.xml:170:13-56
uses-sdk
INJECTED from src\main\AndroidManifest.xml reason: use-sdk injection requested
MERGED from [com.android.support:support-v4:22.2.0] AndroidManifest.xml:20:5-43
MERGED from [com.google.android.gms:play-services:7.5.0] AndroidManifest.xml:18:5-42
MERGED from [com.google.android.gms:play-services-ads:7.5.0] AndroidManifest.xml:23:5-42
MERGED from [com.google.android.gms:play-services-base:7.5.0] AndroidManifest.xml:18:5-42
MERGED from [com.android.support:support-v4:22.2.0] AndroidManifest.xml:20:5-43
MERGED from [com.google.android.gms:play-services-analytics:7.5.0] AndroidManifest.xml:18:5-42
MERGED from [com.google.android.gms:play-services-base:7.5.0] AndroidManifest.xml:18:5-42
MERGED from [com.android.support:support-v4:22.2.0] AndroidManifest.xml:20:5-43
MERGED from [com.google.android.gms:play-services-analytics:7.5.0] AndroidManifest.xml:18:5-42
MERGED from [com.google.android.gms:play-services-base:7.5.0] AndroidManifest.xml:18:5-42
MERGED from [com.android.support:support-v4:22.2.0] AndroidManifest.xml:20:5-43
MERGED from [com.google.android.gms:play-services-appindexing:7.5.0] AndroidManifest.xml:18:5-42
MERGED from [com.google.android.gms:play-services-base:7.5.0] AndroidManifest.xml:18:5-42
MERGED from [com.android.support:support-v4:22.2.0] AndroidManifest.xml:20:5-43
MERGED from [com.google.android.gms:play-services-appinvite:7.5.0] AndroidManifest.xml:18:5-42
MERGED from [com.google.android.gms:play-services-base:7.5.0] AndroidManifest.xml:18:5-42
MERGED from [com.android.support:support-v4:22.2.0] AndroidManifest.xml:20:5-43
MERGED from [com.google.android.gms:play-services-appstate:7.5.0] AndroidManifest.xml:18:5-42
MERGED from [com.google.android.gms:play-services-base:7.5.0] AndroidManifest.xml:18:5-42
MERGED from [com.android.support:support-v4:22.2.0] AndroidManifest.xml:20:5-43
MERGED from [com.google.android.gms:play-services-base:7.5.0] AndroidManifest.xml:18:5-42
MERGED from [com.android.support:support-v4:22.2.0] AndroidManifest.xml:20:5-43
MERGED from [com.google.android.gms:play-services-cast:7.5.0] AndroidManifest.xml:18:5-42
MERGED from [com.google.android.gms:play-services-base:7.5.0] AndroidManifest.xml:18:5-42
MERGED from [com.android.support:support-v4:22.2.0] AndroidManifest.xml:20:5-43
MERGED from [com.android.support:mediarouter-v7:22.0.0] AndroidManifest.xml:20:5-43
MERGED from [com.android.support:appcompat-v7:22.0.0] AndroidManifest.xml:20:5-43
MERGED from [com.android.support:support-v4:22.2.0] AndroidManifest.xml:20:5-43
MERGED from [com.google.android.gms:play-services-drive:7.5.0] AndroidManifest.xml:18:5-42
MERGED from [com.google.android.gms:play-services-base:7.5.0] AndroidManifest.xml:18:5-42
MERGED from [com.android.support:support-v4:22.2.0] AndroidManifest.xml:20:5-43
MERGED from [com.google.android.gms:play-services-fitness:7.5.0] AndroidManifest.xml:18:5-42
MERGED from [com.google.android.gms:play-services-base:7.5.0] AndroidManifest.xml:18:5-42
MERGED from [com.android.support:support-v4:22.2.0] AndroidManifest.xml:20:5-43
MERGED from [com.google.android.gms:play-services-location:7.5.0] AndroidManifest.xml:18:5-42
MERGED from [com.google.android.gms:play-services-base:7.5.0] AndroidManifest.xml:18:5-42
MERGED from [com.android.support:support-v4:22.2.0] AndroidManifest.xml:20:5-43
MERGED from [com.google.android.gms:play-services-maps:7.5.0] AndroidManifest.xml:28:5-42
MERGED from [com.google.android.gms:play-services-base:7.5.0] AndroidManifest.xml:18:5-42
MERGED from [com.android.support:support-v4:22.2.0] AndroidManifest.xml:20:5-43
MERGED from [com.google.android.gms:play-services-games:7.5.0] AndroidManifest.xml:18:5-42
MERGED from [com.google.android.gms:play-services-base:7.5.0] AndroidManifest.xml:18:5-42
MERGED from [com.android.support:support-v4:22.2.0] AndroidManifest.xml:20:5-43